Using pre-set license
Built from '2021.1/staging' branch; Version is '2021.1.7f1 (d91830b65d9b) revision 14227504'; Using compiler version '192528614'; Build Type 'Release'
OS: 'Windows 10 Pro; OS build 19042.1052; Version 2009; 64bit' Language: 'en' Physical Memory: 32689 MB
BatchMode: 1, IsHumanControllingUs: 0, StartBugReporterOnCrash: 0, Is64bit: 1, IsPro: 0

 COMMAND LINE ARGUMENTS:
C:\Program Files\Unity\Hub\Editor\2021.1.7f1\Editor\Unity.exe
-adb2
-batchMode
-noUpm
-name
AssetImportWorker0
-projectPath
C:/Users/mahmo/source/repos/Programming-Theory-Repo/ProgTheoryProj
-logFile
Logs/AssetImportWorker0.log
-srvPort
57534
Successfully changed project path to: C:/Users/mahmo/source/repos/Programming-Theory-Repo/ProgTheoryProj
C:/Users/mahmo/source/repos/Programming-Theory-Repo/ProgTheoryProj
Using Asset Import Pipeline V2.
Refreshing native plugins compatible for Editor in 52.60 ms, found 1 plugins.
Preloading 0 native plugins for Editor in 0.00 ms.
Initialize engine version: 2021.1.7f1 (d91830b65d9b)
[Subsystems] Discovering subsystems at path C:/Program Files/Unity/Hub/Editor/2021.1.7f1/Editor/Data/Resources/UnitySubsystems
[Subsystems] Discovering subsystems at path C:/Users/mahmo/source/repos/Programming-Theory-Repo/ProgTheoryProj/Assets
GfxDevice: creating device client; threaded=0; jobified=0
Direct3D:
    Version:  Direct3D 11.0 [level 11.1]
    Renderer: NVIDIA GeForce RTX 3070 (ID=0x2484)
    Vendor:   NVIDIA
    VRAM:     8043 MB
    Driver:   30.0.14.7111
Initialize mono
Mono path[0] = 'C:/Program Files/Unity/Hub/Editor/2021.1.7f1/Editor/Data/Managed'
Mono path[1] = 'C:/Program Files/Unity/Hub/Editor/2021.1.7f1/Editor/Data/MonoBleedingEdge/lib/mono/unityjit'
Mono config path = 'C:/Program Files/Unity/Hub/Editor/2021.1.7f1/Editor/Data/MonoBleedingEdge/etc'
Using monoOptions --debugger-agent=transport=dt_socket,embedding=1,server=y,suspend=n,address=127.0.0.1:56884
Begin MonoManager ReloadAssembly
Registering precompiled unity dll's ...
Register platform support module: C:/Program Files/Unity/Hub/Editor/2021.1.7f1/Editor/Data/PlaybackEngines/WebGLSupport/UnityEditor.WebGL.Extensions.dll
Register platform support module: C:/Program Files/Unity/Hub/Editor/2021.1.7f1/Editor/Data/PlaybackEngines/WindowsStandaloneSupport/UnityEditor.WindowsStandalone.Extensions.dll
Registered in 0.001791 seconds.
Native extension for WindowsStandalone target not found
Native extension for WebGL target not found
Refreshing native plugins compatible for Editor in 57.03 ms, found 1 plugins.
Preloading 0 native plugins for Editor in 0.00 ms.
Mono: successfully reloaded assembly
- Completed reload, in  1.377 seconds
Platform modules already initialized, skipping
Registering precompiled user dll's ...
Registered in 0.002025 seconds.
Begin MonoManager ReloadAssembly
Symbol file LoadedFromMemory doesn't match image C:\Users\mahmo\source\repos\Programming-Theory-Repo\ProgTheoryProj\Library\PackageCache\com.unity.visualscripting@1.6.1\Editor\VisualScripting.Core\Dependencies\YamlDotNet\Unity.VisualScripting.YamlDotNet.dll
Symbol file LoadedFromMemory doesn't match image C:\Users\mahmo\source\repos\Programming-Theory-Repo\ProgTheoryProj\Library\PackageCache\com.unity.visualscripting@1.6.1\Editor\VisualScripting.Core\Dependencies\DotNetZip\Unity.VisualScripting.IonicZip.dll
Native extension for WindowsStandalone target not found
Native extension for WebGL target not found
Refreshing native plugins compatible for Editor in 0.93 ms, found 1 plugins.
Preloading 0 native plugins for Editor in 0.00 ms.
Mono: successfully reloaded assembly
- Completed reload, in  0.715 seconds
Platform modules already initialized, skipping
========================================================================
Worker process is ready to serve import requests
Launched and connected shader compiler UnityShaderCompiler.exe after 0.03 seconds
Refreshing native plugins compatible for Editor in 0.63 ms, found 1 plugins.
Preloading 0 native plugins for Editor in 0.00 ms.
Unloading 2667 Unused Serialized files (Serialized files now loaded: 0)
System memory in use before: 98.3 MB.
System memory in use after: 98.5 MB.

Unloading 14 unused Assets to reduce memory usage. Loaded Objects now: 3120.
Total: 2.022400 ms (FindLiveObjects: 0.256300 ms CreateObjectMapping: 0.115900 ms MarkObjects: 1.583700 ms  DeleteObjects: 0.065900 ms)

========================================================================
Received Import Request.
  path: Assets/Scripts/Piece.cs
  artifactKey: Guid(6ed5e9216d4f6cb4eba90fe5ca4d6470) Importer(815301076,1909f56bfc062723c751e8b465ee728b)
Start importing Assets/Scripts/Piece.cs using Guid(6ed5e9216d4f6cb4eba90fe5ca4d6470) Importer(815301076,1909f56bfc062723c751e8b465ee728b)  -> (artifact id: '643ceb861c36a08ad61e3cb195855ab7') in 0.025453 seconds 
========================================================================
Received Import Request.
  Time since last request: 11.675058 seconds.
  path: Assets/Scripts/Piece.cs
  artifactKey: Guid(6ed5e9216d4f6cb4eba90fe5ca4d6470) Importer(815301076,1909f56bfc062723c751e8b465ee728b)
Start importing Assets/Scripts/Piece.cs using Guid(6ed5e9216d4f6cb4eba90fe5ca4d6470) Importer(815301076,1909f56bfc062723c751e8b465ee728b)  -> (artifact id: 'cf03501873955a019a4cfa50805bdf67') in 0.001889 seconds 
========================================================================
Received Import Request.
  Time since last request: 5.389648 seconds.
  path: Assets/Scripts/Piece.cs
  artifactKey: Guid(6ed5e9216d4f6cb4eba90fe5ca4d6470) Importer(815301076,1909f56bfc062723c751e8b465ee728b)
Start importing Assets/Scripts/Piece.cs using Guid(6ed5e9216d4f6cb4eba90fe5ca4d6470) Importer(815301076,1909f56bfc062723c751e8b465ee728b)  -> (artifact id: '4f978b367d19f8196682e384a0c7c026') in 0.001834 seconds 
========================================================================
Received Import Request.
  Time since last request: 14.134858 seconds.
  path: Assets/Scripts/Piece.cs
  artifactKey: Guid(6ed5e9216d4f6cb4eba90fe5ca4d6470) Importer(815301076,1909f56bfc062723c751e8b465ee728b)
Start importing Assets/Scripts/Piece.cs using Guid(6ed5e9216d4f6cb4eba90fe5ca4d6470) Importer(815301076,1909f56bfc062723c751e8b465ee728b)  -> (artifact id: 'c09be43e23dc2a4866de5a5225fa8c07') in 0.002084 seconds 
========================================================================
Received Import Request.
  Time since last request: 2.315199 seconds.
  path: Assets/Scripts/Piece.cs
  artifactKey: Guid(6ed5e9216d4f6cb4eba90fe5ca4d6470) Importer(815301076,1909f56bfc062723c751e8b465ee728b)
Start importing Assets/Scripts/Piece.cs using Guid(6ed5e9216d4f6cb4eba90fe5ca4d6470) Importer(815301076,1909f56bfc062723c751e8b465ee728b)  -> (artifact id: '902348e576cfae30bc5a3c0d69910953') in 0.002116 seconds 
========================================================================
Received Prepare
Registering precompiled user dll's ...
Registered in 0.001816 seconds.
Begin MonoManager ReloadAssembly
Symbol file LoadedFromMemory doesn't match image C:\Users\mahmo\source\repos\Programming-Theory-Repo\ProgTheoryProj\Library\PackageCache\com.unity.visualscripting@1.6.1\Editor\VisualScripting.Core\Dependencies\YamlDotNet\Unity.VisualScripting.YamlDotNet.dll
Symbol file LoadedFromMemory doesn't match image C:\Users\mahmo\source\repos\Programming-Theory-Repo\ProgTheoryProj\Library\PackageCache\com.unity.visualscripting@1.6.1\Editor\VisualScripting.Core\Dependencies\DotNetZip\Unity.VisualScripting.IonicZip.dll
Native extension for WindowsStandalone target not found
Native extension for WebGL target not found
Refreshing native plugins compatible for Editor in 0.58 ms, found 1 plugins.
Preloading 0 native plugins for Editor in 0.00 ms.
Mono: successfully reloaded assembly
- Completed reload, in  0.579 seconds
Platform modules already initialized, skipping
Refreshing native plugins compatible for Editor in 0.51 ms, found 1 plugins.
Preloading 0 native plugins for Editor in 0.00 ms.
Unloading 2662 Unused Serialized files (Serialized files now loaded: 0)
System memory in use before: 98.3 MB.
System memory in use after: 98.5 MB.

Unloading 9 unused Assets to reduce memory usage. Loaded Objects now: 3123.
Total: 1.842700 ms (FindLiveObjects: 0.223100 ms CreateObjectMapping: 0.092700 ms MarkObjects: 1.491700 ms  DeleteObjects: 0.034500 ms)

========================================================================
Received Prepare
Registering precompiled user dll's ...
Registered in 0.001885 seconds.
Begin MonoManager ReloadAssembly
Symbol file LoadedFromMemory doesn't match image C:\Users\mahmo\source\repos\Programming-Theory-Repo\ProgTheoryProj\Library\PackageCache\com.unity.visualscripting@1.6.1\Editor\VisualScripting.Core\Dependencies\YamlDotNet\Unity.VisualScripting.YamlDotNet.dll
Symbol file LoadedFromMemory doesn't match image C:\Users\mahmo\source\repos\Programming-Theory-Repo\ProgTheoryProj\Library\PackageCache\com.unity.visualscripting@1.6.1\Editor\VisualScripting.Core\Dependencies\DotNetZip\Unity.VisualScripting.IonicZip.dll
Native extension for WindowsStandalone target not found
Native extension for WebGL target not found
Refreshing native plugins compatible for Editor in 0.52 ms, found 1 plugins.
Preloading 0 native plugins for Editor in 0.00 ms.
Mono: successfully reloaded assembly
- Completed reload, in  0.604 seconds
Platform modules already initialized, skipping
Refreshing native plugins compatible for Editor in 0.41 ms, found 1 plugins.
Preloading 0 native plugins for Editor in 0.00 ms.
Unloading 2661 Unused Serialized files (Serialized files now loaded: 0)
System memory in use before: 98.3 MB.
System memory in use after: 98.5 MB.

Unloading 10 unused Assets to reduce memory usage. Loaded Objects now: 3125.
Total: 1.917400 ms (FindLiveObjects: 0.221800 ms CreateObjectMapping: 0.095600 ms MarkObjects: 1.559000 ms  DeleteObjects: 0.040300 ms)

========================================================================
Received Prepare
Registering precompiled user dll's ...
Registered in 0.001716 seconds.
Begin MonoManager ReloadAssembly
Symbol file LoadedFromMemory doesn't match image C:\Users\mahmo\source\repos\Programming-Theory-Repo\ProgTheoryProj\Library\PackageCache\com.unity.visualscripting@1.6.1\Editor\VisualScripting.Core\Dependencies\YamlDotNet\Unity.VisualScripting.YamlDotNet.dll
Symbol file LoadedFromMemory doesn't match image C:\Users\mahmo\source\repos\Programming-Theory-Repo\ProgTheoryProj\Library\PackageCache\com.unity.visualscripting@1.6.1\Editor\VisualScripting.Core\Dependencies\DotNetZip\Unity.VisualScripting.IonicZip.dll
Native extension for WindowsStandalone target not found
Native extension for WebGL target not found
Refreshing native plugins compatible for Editor in 0.51 ms, found 1 plugins.
Preloading 0 native plugins for Editor in 0.00 ms.
Mono: successfully reloaded assembly
- Completed reload, in  0.583 seconds
Platform modules already initialized, skipping
Refreshing native plugins compatible for Editor in 0.52 ms, found 1 plugins.
Preloading 0 native plugins for Editor in 0.00 ms.
Unloading 2662 Unused Serialized files (Serialized files now loaded: 0)
System memory in use before: 98.3 MB.
System memory in use after: 98.5 MB.

Unloading 9 unused Assets to reduce memory usage. Loaded Objects now: 3129.
Total: 1.826100 ms (FindLiveObjects: 0.212800 ms CreateObjectMapping: 0.082600 ms MarkObjects: 1.491600 ms  DeleteObjects: 0.038200 ms)

========================================================================
Received Prepare
Registering precompiled user dll's ...
Registered in 0.001730 seconds.
Begin MonoManager ReloadAssembly
Symbol file LoadedFromMemory doesn't match image C:\Users\mahmo\source\repos\Programming-Theory-Repo\ProgTheoryProj\Library\PackageCache\com.unity.visualscripting@1.6.1\Editor\VisualScripting.Core\Dependencies\YamlDotNet\Unity.VisualScripting.YamlDotNet.dll
Symbol file LoadedFromMemory doesn't match image C:\Users\mahmo\source\repos\Programming-Theory-Repo\ProgTheoryProj\Library\PackageCache\com.unity.visualscripting@1.6.1\Editor\VisualScripting.Core\Dependencies\DotNetZip\Unity.VisualScripting.IonicZip.dll
Native extension for WindowsStandalone target not found
Native extension for WebGL target not found
Refreshing native plugins compatible for Editor in 0.52 ms, found 1 plugins.
Preloading 0 native plugins for Editor in 0.00 ms.
Mono: successfully reloaded assembly
- Completed reload, in  0.576 seconds
Platform modules already initialized, skipping
Refreshing native plugins compatible for Editor in 0.54 ms, found 1 plugins.
Preloading 0 native plugins for Editor in 0.00 ms.
Unloading 2662 Unused Serialized files (Serialized files now loaded: 0)
System memory in use before: 98.4 MB.
System memory in use after: 98.6 MB.

Unloading 9 unused Assets to reduce memory usage. Loaded Objects now: 3132.
Total: 1.876300 ms (FindLiveObjects: 0.224000 ms CreateObjectMapping: 0.096500 ms MarkObjects: 1.518900 ms  DeleteObjects: 0.036300 ms)

========================================================================
Received Import Request.
  Time since last request: 303.367750 seconds.
  path: Assets/Scripts/Piece.cs
  artifactKey: Guid(6ed5e9216d4f6cb4eba90fe5ca4d6470) Importer(815301076,1909f56bfc062723c751e8b465ee728b)
Start importing Assets/Scripts/Piece.cs using Guid(6ed5e9216d4f6cb4eba90fe5ca4d6470) Importer(815301076,1909f56bfc062723c751e8b465ee728b)  -> (artifact id: '00f16da701bccbb70502e737c93fbc4e') in 0.004988 seconds 
========================================================================
Received Import Request.
  Time since last request: 44.084395 seconds.
  path: Assets/Scripts/LPiece.cs
  artifactKey: Guid(08c33dfde363ac84baec05978bc47bcd) Importer(815301076,1909f56bfc062723c751e8b465ee728b)
Start importing Assets/Scripts/LPiece.cs using Guid(08c33dfde363ac84baec05978bc47bcd) Importer(815301076,1909f56bfc062723c751e8b465ee728b)  -> (artifact id: '620ef3097b8c3733dc4b77665a908974') in 0.006665 seconds 
========================================================================
Received Prepare
Registering precompiled user dll's ...
Registered in 0.001747 seconds.
Begin MonoManager ReloadAssembly
Symbol file LoadedFromMemory doesn't match image C:\Users\mahmo\source\repos\Programming-Theory-Repo\ProgTheoryProj\Library\PackageCache\com.unity.visualscripting@1.6.1\Editor\VisualScripting.Core\Dependencies\YamlDotNet\Unity.VisualScripting.YamlDotNet.dll
Symbol file LoadedFromMemory doesn't match image C:\Users\mahmo\source\repos\Programming-Theory-Repo\ProgTheoryProj\Library\PackageCache\com.unity.visualscripting@1.6.1\Editor\VisualScripting.Core\Dependencies\DotNetZip\Unity.VisualScripting.IonicZip.dll
Native extension for WindowsStandalone target not found
Native extension for WebGL target not found
Refreshing native plugins compatible for Editor in 0.52 ms, found 1 plugins.
Preloading 0 native plugins for Editor in 0.00 ms.
Mono: successfully reloaded assembly
- Completed reload, in  0.586 seconds
Platform modules already initialized, skipping
Refreshing native plugins compatible for Editor in 0.54 ms, found 1 plugins.
Preloading 0 native plugins for Editor in 0.00 ms.
Unloading 2663 Unused Serialized files (Serialized files now loaded: 0)
System memory in use before: 98.4 MB.
System memory in use after: 98.6 MB.

Unloading 9 unused Assets to reduce memory usage. Loaded Objects now: 3136.
Total: 1.908500 ms (FindLiveObjects: 0.224300 ms CreateObjectMapping: 0.097100 ms MarkObjects: 1.548600 ms  DeleteObjects: 0.037500 ms)

========================================================================
Received Import Request.
  Time since last request: 301.485158 seconds.
  path: Assets/Scripts/LPiece.cs
  artifactKey: Guid(08c33dfde363ac84baec05978bc47bcd) Importer(815301076,1909f56bfc062723c751e8b465ee728b)
Start importing Assets/Scripts/LPiece.cs using Guid(08c33dfde363ac84baec05978bc47bcd) Importer(815301076,1909f56bfc062723c751e8b465ee728b)  -> (artifact id: 'f8105978b203fe379e6ed3ee802629d2') in 0.005590 seconds 
========================================================================
Received Import Request.
  Time since last request: 1.195060 seconds.
  path: Assets/Scripts/Piece.cs
  artifactKey: Guid(6ed5e9216d4f6cb4eba90fe5ca4d6470) Importer(815301076,1909f56bfc062723c751e8b465ee728b)
Start importing Assets/Scripts/Piece.cs using Guid(6ed5e9216d4f6cb4eba90fe5ca4d6470) Importer(815301076,1909f56bfc062723c751e8b465ee728b)  -> (artifact id: 'de44619a743c3142376e20a271c88af1') in 0.001866 seconds 
========================================================================
Received Prepare
Registering precompiled user dll's ...
Registered in 0.001783 seconds.
Begin MonoManager ReloadAssembly
Symbol file LoadedFromMemory doesn't match image C:\Users\mahmo\source\repos\Programming-Theory-Repo\ProgTheoryProj\Library\PackageCache\com.unity.visualscripting@1.6.1\Editor\VisualScripting.Core\Dependencies\YamlDotNet\Unity.VisualScripting.YamlDotNet.dll
Symbol file LoadedFromMemory doesn't match image C:\Users\mahmo\source\repos\Programming-Theory-Repo\ProgTheoryProj\Library\PackageCache\com.unity.visualscripting@1.6.1\Editor\VisualScripting.Core\Dependencies\DotNetZip\Unity.VisualScripting.IonicZip.dll
Native extension for WindowsStandalone target not found
Native extension for WebGL target not found
Refreshing native plugins compatible for Editor in 0.51 ms, found 1 plugins.
Preloading 0 native plugins for Editor in 0.00 ms.
Mono: successfully reloaded assembly
- Completed reload, in  0.585 seconds
Platform modules already initialized, skipping
Refreshing native plugins compatible for Editor in 0.52 ms, found 1 plugins.
Preloading 0 native plugins for Editor in 0.00 ms.
Unloading 2661 Unused Serialized files (Serialized files now loaded: 0)
System memory in use before: 98.4 MB.
System memory in use after: 98.6 MB.

Unloading 11 unused Assets to reduce memory usage. Loaded Objects now: 3137.
Total: 1.812400 ms (FindLiveObjects: 0.212400 ms CreateObjectMapping: 0.092400 ms MarkObjects: 1.470600 ms  DeleteObjects: 0.036300 ms)

========================================================================
Received Import Request.
  Time since last request: 243.624085 seconds.
  path: Assets/Scenes/GameScene.unity
  artifactKey: Guid(9fc0d4010bbf28b4594072e72b8655ab) Importer(815301076,1909f56bfc062723c751e8b465ee728b)
Start importing Assets/Scenes/GameScene.unity using Guid(9fc0d4010bbf28b4594072e72b8655ab) Importer(815301076,1909f56bfc062723c751e8b465ee728b)  -> (artifact id: 'a256299f4226107959e8bc3b078ab5c6') in 0.018395 seconds 
========================================================================
Received Import Request.
  Time since last request: 431.175244 seconds.
  path: Assets/Shape.cs
  artifactKey: Guid(001982e63c4ed8346a6ba20db2beb0c4) Importer(815301076,1909f56bfc062723c751e8b465ee728b)
Start importing Assets/Shape.cs using Guid(001982e63c4ed8346a6ba20db2beb0c4) Importer(815301076,1909f56bfc062723c751e8b465ee728b)  -> (artifact id: '08e9aab9ba9c0209dd8b4c6fe60b4f38') in 0.006447 seconds 
========================================================================
Received Prepare
Registering precompiled user dll's ...
Registered in 0.001639 seconds.
Begin MonoManager ReloadAssembly
Symbol file LoadedFromMemory doesn't match image C:\Users\mahmo\source\repos\Programming-Theory-Repo\ProgTheoryProj\Library\PackageCache\com.unity.visualscripting@1.6.1\Editor\VisualScripting.Core\Dependencies\YamlDotNet\Unity.VisualScripting.YamlDotNet.dll
Symbol file LoadedFromMemory doesn't match image C:\Users\mahmo\source\repos\Programming-Theory-Repo\ProgTheoryProj\Library\PackageCache\com.unity.visualscripting@1.6.1\Editor\VisualScripting.Core\Dependencies\DotNetZip\Unity.VisualScripting.IonicZip.dll
Native extension for WindowsStandalone target not found
Native extension for WebGL target not found
Refreshing native plugins compatible for Editor in 0.51 ms, found 1 plugins.
Preloading 0 native plugins for Editor in 0.00 ms.
Mono: successfully reloaded assembly
- Completed reload, in  0.581 seconds
Platform modules already initialized, skipping
Refreshing native plugins compatible for Editor in 0.51 ms, found 1 plugins.
Preloading 0 native plugins for Editor in 0.00 ms.
Unloading 2662 Unused Serialized files (Serialized files now loaded: 0)
System memory in use before: 98.4 MB.
System memory in use after: 98.6 MB.

Unloading 9 unused Assets to reduce memory usage. Loaded Objects now: 3141.
Total: 1.895100 ms (FindLiveObjects: 0.220200 ms CreateObjectMapping: 0.092900 ms MarkObjects: 1.544100 ms  DeleteObjects: 0.037200 ms)

========================================================================
Received Prepare
Registering precompiled user dll's ...
Registered in 0.001755 seconds.
Begin MonoManager ReloadAssembly
Symbol file LoadedFromMemory doesn't match image C:\Users\mahmo\source\repos\Programming-Theory-Repo\ProgTheoryProj\Library\PackageCache\com.unity.visualscripting@1.6.1\Editor\VisualScripting.Core\Dependencies\YamlDotNet\Unity.VisualScripting.YamlDotNet.dll
Symbol file LoadedFromMemory doesn't match image C:\Users\mahmo\source\repos\Programming-Theory-Repo\ProgTheoryProj\Library\PackageCache\com.unity.visualscripting@1.6.1\Editor\VisualScripting.Core\Dependencies\DotNetZip\Unity.VisualScripting.IonicZip.dll
Native extension for WindowsStandalone target not found
Native extension for WebGL target not found
Refreshing native plugins compatible for Editor in 0.52 ms, found 1 plugins.
Preloading 0 native plugins for Editor in 0.00 ms.
Mono: successfully reloaded assembly
- Completed reload, in  0.569 seconds
Platform modules already initialized, skipping
Refreshing native plugins compatible for Editor in 0.52 ms, found 1 plugins.
Preloading 0 native plugins for Editor in 0.00 ms.
Unloading 2662 Unused Serialized files (Serialized files now loaded: 0)
System memory in use before: 98.4 MB.
System memory in use after: 98.6 MB.

Unloading 9 unused Assets to reduce memory usage. Loaded Objects now: 3144.
Total: 1.985500 ms (FindLiveObjects: 0.239600 ms CreateObjectMapping: 0.104100 ms MarkObjects: 1.602000 ms  DeleteObjects: 0.038800 ms)

========================================================================
Received Import Request.
  Time since last request: 69.541807 seconds.
  path: Assets/Shape.cs
  artifactKey: Guid(001982e63c4ed8346a6ba20db2beb0c4) Importer(815301076,1909f56bfc062723c751e8b465ee728b)
Start importing Assets/Shape.cs using Guid(001982e63c4ed8346a6ba20db2beb0c4) Importer(815301076,1909f56bfc062723c751e8b465ee728b)  -> (artifact id: '3982d6cfa636779492f585dfbf0ca253') in 0.004970 seconds 
========================================================================
Received Prepare
Registering precompiled user dll's ...
Registered in 0.001715 seconds.
Begin MonoManager ReloadAssembly
Symbol file LoadedFromMemory doesn't match image C:\Users\mahmo\source\repos\Programming-Theory-Repo\ProgTheoryProj\Library\PackageCache\com.unity.visualscripting@1.6.1\Editor\VisualScripting.Core\Dependencies\YamlDotNet\Unity.VisualScripting.YamlDotNet.dll
Symbol file LoadedFromMemory doesn't match image C:\Users\mahmo\source\repos\Programming-Theory-Repo\ProgTheoryProj\Library\PackageCache\com.unity.visualscripting@1.6.1\Editor\VisualScripting.Core\Dependencies\DotNetZip\Unity.VisualScripting.IonicZip.dll
Native extension for WindowsStandalone target not found
Native extension for WebGL target not found
Refreshing native plugins compatible for Editor in 0.56 ms, found 1 plugins.
Preloading 0 native plugins for Editor in 0.00 ms.
Mono: successfully reloaded assembly
- Completed reload, in  0.669 seconds
Platform modules already initialized, skipping
Script is not up to date after domain reload: guid(701a29680f4b8a2429a0537ca6c21fe3) path("Assets/Shape.cs") state(2)
Refreshing native plugins compatible for Editor in 0.53 ms, found 1 plugins.
Preloading 0 native plugins for Editor in 0.00 ms.
Unloading 2662 Unused Serialized files (Serialized files now loaded: 0)
System memory in use before: 98.4 MB.
System memory in use after: 98.6 MB.

Unloading 9 unused Assets to reduce memory usage. Loaded Objects now: 3147.
Total: 2.227800 ms (FindLiveObjects: 0.240300 ms CreateObjectMapping: 0.105700 ms MarkObjects: 1.839100 ms  DeleteObjects: 0.041900 ms)

========================================================================
Received Import Request.
  Time since last request: 14.105420 seconds.
  path: Assets/Shape.cs
  artifactKey: Guid(701a29680f4b8a2429a0537ca6c21fe3) Importer(815301076,1909f56bfc062723c751e8b465ee728b)
Start importing Assets/Shape.cs using Guid(701a29680f4b8a2429a0537ca6c21fe3) Importer(815301076,1909f56bfc062723c751e8b465ee728b)  -> (artifact id: '3545f0017755c116983b92020bccf4b8') in 0.004838 seconds 
========================================================================
Received Prepare
Registering precompiled user dll's ...
Registered in 0.001769 seconds.
Begin MonoManager ReloadAssembly
Symbol file LoadedFromMemory doesn't match image C:\Users\mahmo\source\repos\Programming-Theory-Repo\ProgTheoryProj\Library\PackageCache\com.unity.visualscripting@1.6.1\Editor\VisualScripting.Core\Dependencies\YamlDotNet\Unity.VisualScripting.YamlDotNet.dll
Symbol file LoadedFromMemory doesn't match image C:\Users\mahmo\source\repos\Programming-Theory-Repo\ProgTheoryProj\Library\PackageCache\com.unity.visualscripting@1.6.1\Editor\VisualScripting.Core\Dependencies\DotNetZip\Unity.VisualScripting.IonicZip.dll
Native extension for WindowsStandalone target not found
Native extension for WebGL target not found
Refreshing native plugins compatible for Editor in 0.51 ms, found 1 plugins.
Preloading 0 native plugins for Editor in 0.00 ms.
Mono: successfully reloaded assembly
- Completed reload, in  0.576 seconds
Platform modules already initialized, skipping
Refreshing native plugins compatible for Editor in 0.47 ms, found 1 plugins.
Preloading 0 native plugins for Editor in 0.00 ms.
Unloading 2662 Unused Serialized files (Serialized files now loaded: 0)
System memory in use before: 98.4 MB.
System memory in use after: 98.6 MB.

Unloading 9 unused Assets to reduce memory usage. Loaded Objects now: 3150.
Total: 1.819400 ms (FindLiveObjects: 0.204600 ms CreateObjectMapping: 0.092400 ms MarkObjects: 1.493500 ms  DeleteObjects: 0.028400 ms)

========================================================================
Received Import Request.
  Time since last request: 11.895716 seconds.
  path: Assets/Scripts/Cube.cs
  artifactKey: Guid(500848f43a5af2642baba8acbe1198cb) Importer(815301076,1909f56bfc062723c751e8b465ee728b)
Start importing Assets/Scripts/Cube.cs using Guid(500848f43a5af2642baba8acbe1198cb) Importer(815301076,1909f56bfc062723c751e8b465ee728b)  -> (artifact id: 'ed63ab050d1759210304fbe37dcce91a') in 0.007856 seconds 
========================================================================
Received Import Request.
  Time since last request: 95.654213 seconds.
  path: Assets/Scripts/Cube.cs
  artifactKey: Guid(500848f43a5af2642baba8acbe1198cb) Importer(815301076,1909f56bfc062723c751e8b465ee728b)
Start importing Assets/Scripts/Cube.cs using Guid(500848f43a5af2642baba8acbe1198cb) Importer(815301076,1909f56bfc062723c751e8b465ee728b)  -> (artifact id: '71db20ab50d7605648cc58c5ff1ecb57') in 0.001569 seconds 
========================================================================
Received Prepare
Registering precompiled user dll's ...
Registered in 0.001779 seconds.
Begin MonoManager ReloadAssembly
Symbol file LoadedFromMemory doesn't match image C:\Users\mahmo\source\repos\Programming-Theory-Repo\ProgTheoryProj\Library\PackageCache\com.unity.visualscripting@1.6.1\Editor\VisualScripting.Core\Dependencies\YamlDotNet\Unity.VisualScripting.YamlDotNet.dll
Symbol file LoadedFromMemory doesn't match image C:\Users\mahmo\source\repos\Programming-Theory-Repo\ProgTheoryProj\Library\PackageCache\com.unity.visualscripting@1.6.1\Editor\VisualScripting.Core\Dependencies\DotNetZip\Unity.VisualScripting.IonicZip.dll
Native extension for WindowsStandalone target not found
Native extension for WebGL target not found
Refreshing native plugins compatible for Editor in 0.52 ms, found 1 plugins.
Preloading 0 native plugins for Editor in 0.00 ms.
Mono: successfully reloaded assembly
- Completed reload, in  0.573 seconds
Platform modules already initialized, skipping
Refreshing native plugins compatible for Editor in 0.55 ms, found 1 plugins.
Preloading 0 native plugins for Editor in 0.00 ms.
Unloading 2663 Unused Serialized files (Serialized files now loaded: 0)
System memory in use before: 98.4 MB.
System memory in use after: 98.6 MB.

Unloading 9 unused Assets to reduce memory usage. Loaded Objects now: 3154.
Total: 2.403600 ms (FindLiveObjects: 0.444600 ms CreateObjectMapping: 0.155900 ms MarkObjects: 1.764900 ms  DeleteObjects: 0.037500 ms)

========================================================================
Received Import Request.
  Time since last request: 71.289542 seconds.
  path: Assets/Scripts/Cube.cs
  artifactKey: Guid(500848f43a5af2642baba8acbe1198cb) Importer(815301076,1909f56bfc062723c751e8b465ee728b)
Start importing Assets/Scripts/Cube.cs using Guid(500848f43a5af2642baba8acbe1198cb) Importer(815301076,1909f56bfc062723c751e8b465ee728b)  -> (artifact id: 'ba7e72866db46036f18c31241164fd1b') in 0.005358 seconds 
========================================================================
Received Prepare
Registering precompiled user dll's ...
Registered in 0.002131 seconds.
Begin MonoManager ReloadAssembly
Symbol file LoadedFromMemory doesn't match image C:\Users\mahmo\source\repos\Programming-Theory-Repo\ProgTheoryProj\Library\PackageCache\com.unity.visualscripting@1.6.1\Editor\VisualScripting.Core\Dependencies\YamlDotNet\Unity.VisualScripting.YamlDotNet.dll
Symbol file LoadedFromMemory doesn't match image C:\Users\mahmo\source\repos\Programming-Theory-Repo\ProgTheoryProj\Library\PackageCache\com.unity.visualscripting@1.6.1\Editor\VisualScripting.Core\Dependencies\DotNetZip\Unity.VisualScripting.IonicZip.dll
Native extension for WindowsStandalone target not found
Native extension for WebGL target not found
Refreshing native plugins compatible for Editor in 0.51 ms, found 1 plugins.
Preloading 0 native plugins for Editor in 0.00 ms.
Mono: successfully reloaded assembly
- Completed reload, in  0.584 seconds
Platform modules already initialized, skipping
Refreshing native plugins compatible for Editor in 0.56 ms, found 1 plugins.
Preloading 0 native plugins for Editor in 0.00 ms.
Unloading 2663 Unused Serialized files (Serialized files now loaded: 0)
System memory in use before: 98.4 MB.
System memory in use after: 98.6 MB.

Unloading 9 unused Assets to reduce memory usage. Loaded Objects now: 3157.
Total: 1.996400 ms (FindLiveObjects: 0.237100 ms CreateObjectMapping: 0.132000 ms MarkObjects: 1.592300 ms  DeleteObjects: 0.034300 ms)

========================================================================
Received Prepare
Registering precompiled user dll's ...
Registered in 0.001654 seconds.
Begin MonoManager ReloadAssembly
Symbol file LoadedFromMemory doesn't match image C:\Users\mahmo\source\repos\Programming-Theory-Repo\ProgTheoryProj\Library\PackageCache\com.unity.visualscripting@1.6.1\Editor\VisualScripting.Core\Dependencies\YamlDotNet\Unity.VisualScripting.YamlDotNet.dll
Symbol file LoadedFromMemory doesn't match image C:\Users\mahmo\source\repos\Programming-Theory-Repo\ProgTheoryProj\Library\PackageCache\com.unity.visualscripting@1.6.1\Editor\VisualScripting.Core\Dependencies\DotNetZip\Unity.VisualScripting.IonicZip.dll
Native extension for WindowsStandalone target not found
Native extension for WebGL target not found
Refreshing native plugins compatible for Editor in 0.63 ms, found 1 plugins.
Preloading 0 native plugins for Editor in 0.00 ms.
Mono: successfully reloaded assembly
- Completed reload, in  0.563 seconds
Platform modules already initialized, skipping
Refreshing native plugins compatible for Editor in 0.40 ms, found 1 plugins.
Preloading 0 native plugins for Editor in 0.00 ms.
Unloading 2663 Unused Serialized files (Serialized files now loaded: 0)
System memory in use before: 98.5 MB.
System memory in use after: 98.6 MB.

Unloading 9 unused Assets to reduce memory usage. Loaded Objects now: 3160.
Total: 1.775200 ms (FindLiveObjects: 0.209000 ms CreateObjectMapping: 0.093400 ms MarkObjects: 1.444800 ms  DeleteObjects: 0.027500 ms)

========================================================================
Received Prepare
Registering precompiled user dll's ...
Registered in 0.001818 seconds.
Begin MonoManager ReloadAssembly
Symbol file LoadedFromMemory doesn't match image C:\Users\mahmo\source\repos\Programming-Theory-Repo\ProgTheoryProj\Library\PackageCache\com.unity.visualscripting@1.6.1\Editor\VisualScripting.Core\Dependencies\YamlDotNet\Unity.VisualScripting.YamlDotNet.dll
Symbol file LoadedFromMemory doesn't match image C:\Users\mahmo\source\repos\Programming-Theory-Repo\ProgTheoryProj\Library\PackageCache\com.unity.visualscripting@1.6.1\Editor\VisualScripting.Core\Dependencies\DotNetZip\Unity.VisualScripting.IonicZip.dll
Native extension for WindowsStandalone target not found
Native extension for WebGL target not found
Refreshing native plugins compatible for Editor in 0.52 ms, found 1 plugins.
Preloading 0 native plugins for Editor in 0.00 ms.
Mono: successfully reloaded assembly
- Completed reload, in  0.574 seconds
Platform modules already initialized, skipping
Refreshing native plugins compatible for Editor in 0.57 ms, found 1 plugins.
Preloading 0 native plugins for Editor in 0.00 ms.
Unloading 2663 Unused Serialized files (Serialized files now loaded: 0)
System memory in use before: 98.5 MB.
System memory in use after: 98.7 MB.

Unloading 9 unused Assets to reduce memory usage. Loaded Objects now: 3163.
Total: 1.960200 ms (FindLiveObjects: 0.233400 ms CreateObjectMapping: 0.103000 ms MarkObjects: 1.585400 ms  DeleteObjects: 0.037500 ms)

========================================================================
Received Prepare
Registering precompiled user dll's ...
Registered in 0.001774 seconds.
Begin MonoManager ReloadAssembly
Symbol file LoadedFromMemory doesn't match image C:\Users\mahmo\source\repos\Programming-Theory-Repo\ProgTheoryProj\Library\PackageCache\com.unity.visualscripting@1.6.1\Editor\VisualScripting.Core\Dependencies\YamlDotNet\Unity.VisualScripting.YamlDotNet.dll
Symbol file LoadedFromMemory doesn't match image C:\Users\mahmo\source\repos\Programming-Theory-Repo\ProgTheoryProj\Library\PackageCache\com.unity.visualscripting@1.6.1\Editor\VisualScripting.Core\Dependencies\DotNetZip\Unity.VisualScripting.IonicZip.dll
Native extension for WindowsStandalone target not found
Native extension for WebGL target not found
Refreshing native plugins compatible for Editor in 0.54 ms, found 1 plugins.
Preloading 0 native plugins for Editor in 0.00 ms.
Mono: successfully reloaded assembly
- Completed reload, in  0.635 seconds
Platform modules already initialized, skipping
Refreshing native plugins compatible for Editor in 0.56 ms, found 1 plugins.
Preloading 0 native plugins for Editor in 0.00 ms.
Unloading 2664 Unused Serialized files (Serialized files now loaded: 0)
System memory in use before: 98.5 MB.
System memory in use after: 98.7 MB.

Unloading 9 unused Assets to reduce memory usage. Loaded Objects now: 3167.
Total: 1.874400 ms (FindLiveObjects: 0.228500 ms CreateObjectMapping: 0.090600 ms MarkObjects: 1.510800 ms  DeleteObjects: 0.043600 ms)

========================================================================
Received Import Request.
  Time since last request: 214.723359 seconds.
  path: Assets/Scripts/Triangle.cs
  artifactKey: Guid(f95f756e007734840a04b5f48539f238) Importer(815301076,1909f56bfc062723c751e8b465ee728b)
Start importing Assets/Scripts/Triangle.cs using Guid(f95f756e007734840a04b5f48539f238) Importer(815301076,1909f56bfc062723c751e8b465ee728b)  -> (artifact id: '119407ebfab7d9c9fd9253e6e627d6b1') in 0.009816 seconds 
========================================================================
Received Prepare
Registering precompiled user dll's ...
Registered in 0.001806 seconds.
Begin MonoManager ReloadAssembly
Symbol file LoadedFromMemory doesn't match image C:\Users\mahmo\source\repos\Programming-Theory-Repo\ProgTheoryProj\Library\PackageCache\com.unity.visualscripting@1.6.1\Editor\VisualScripting.Core\Dependencies\YamlDotNet\Unity.VisualScripting.YamlDotNet.dll
Symbol file LoadedFromMemory doesn't match image C:\Users\mahmo\source\repos\Programming-Theory-Repo\ProgTheoryProj\Library\PackageCache\com.unity.visualscripting@1.6.1\Editor\VisualScripting.Core\Dependencies\DotNetZip\Unity.VisualScripting.IonicZip.dll
Native extension for WindowsStandalone target not found
Native extension for WebGL target not found
Refreshing native plugins compatible for Editor in 0.52 ms, found 1 plugins.
Preloading 0 native plugins for Editor in 0.00 ms.
Mono: successfully reloaded assembly
- Completed reload, in  0.584 seconds
Platform modules already initialized, skipping
Refreshing native plugins compatible for Editor in 0.48 ms, found 1 plugins.
Preloading 0 native plugins for Editor in 0.00 ms.
Unloading 2664 Unused Serialized files (Serialized files now loaded: 0)
System memory in use before: 98.5 MB.
System memory in use after: 98.7 MB.

Unloading 9 unused Assets to reduce memory usage. Loaded Objects now: 3170.
Total: 1.771800 ms (FindLiveObjects: 0.207800 ms CreateObjectMapping: 0.084800 ms MarkObjects: 1.445600 ms  DeleteObjects: 0.033100 ms)

========================================================================
Received Import Request.
  Time since last request: 8.677390 seconds.
  path: Assets/Scripts/Shape.cs
  artifactKey: Guid(001982e63c4ed8346a6ba20db2beb0c4) Importer(815301076,1909f56bfc062723c751e8b465ee728b)
Start importing Assets/Scripts/Shape.cs using Guid(001982e63c4ed8346a6ba20db2beb0c4) Importer(815301076,1909f56bfc062723c751e8b465ee728b)  -> (artifact id: 'f8c1087db020303dc25a0b73f0b29dc5') in 0.005335 seconds 
========================================================================
Received Prepare
Registering precompiled user dll's ...
Registered in 0.001736 seconds.
Begin MonoManager ReloadAssembly
Symbol file LoadedFromMemory doesn't match image C:\Users\mahmo\source\repos\Programming-Theory-Repo\ProgTheoryProj\Library\PackageCache\com.unity.visualscripting@1.6.1\Editor\VisualScripting.Core\Dependencies\YamlDotNet\Unity.VisualScripting.YamlDotNet.dll
Symbol file LoadedFromMemory doesn't match image C:\Users\mahmo\source\repos\Programming-Theory-Repo\ProgTheoryProj\Library\PackageCache\com.unity.visualscripting@1.6.1\Editor\VisualScripting.Core\Dependencies\DotNetZip\Unity.VisualScripting.IonicZip.dll
Native extension for WindowsStandalone target not found
Native extension for WebGL target not found
Refreshing native plugins compatible for Editor in 0.51 ms, found 1 plugins.
Preloading 0 native plugins for Editor in 0.00 ms.
Mono: successfully reloaded assembly
- Completed reload, in  0.590 seconds
Platform modules already initialized, skipping
Refreshing native plugins compatible for Editor in 0.50 ms, found 1 plugins.
Preloading 0 native plugins for Editor in 0.00 ms.
Unloading 2663 Unused Serialized files (Serialized files now loaded: 0)
System memory in use before: 98.5 MB.
System memory in use after: 98.7 MB.

Unloading 10 unused Assets to reduce memory usage. Loaded Objects now: 3172.
Total: 1.878400 ms (FindLiveObjects: 0.188900 ms CreateObjectMapping: 0.071200 ms MarkObjects: 1.583200 ms  DeleteObjects: 0.034600 ms)

========================================================================
Received Import Request.
  Time since last request: 12.562149 seconds.
  path: Assets/Scripts/Sphere.cs
  artifactKey: Guid(8960eef95ba2c1849b26efb241d4d54d) Importer(815301076,1909f56bfc062723c751e8b465ee728b)
Start importing Assets/Scripts/Sphere.cs using Guid(8960eef95ba2c1849b26efb241d4d54d) Importer(815301076,1909f56bfc062723c751e8b465ee728b)  -> (artifact id: '9be2d6a0acff0d72517fcb017df15dc9') in 0.008591 seconds 
========================================================================
Received Prepare
Registering precompiled user dll's ...
Registered in 0.001598 seconds.
Begin MonoManager ReloadAssembly
Symbol file LoadedFromMemory doesn't match image C:\Users\mahmo\source\repos\Programming-Theory-Repo\ProgTheoryProj\Library\PackageCache\com.unity.visualscripting@1.6.1\Editor\VisualScripting.Core\Dependencies\YamlDotNet\Unity.VisualScripting.YamlDotNet.dll
Symbol file LoadedFromMemory doesn't match image C:\Users\mahmo\source\repos\Programming-Theory-Repo\ProgTheoryProj\Library\PackageCache\com.unity.visualscripting@1.6.1\Editor\VisualScripting.Core\Dependencies\DotNetZip\Unity.VisualScripting.IonicZip.dll
Native extension for WindowsStandalone target not found
Native extension for WebGL target not found
Refreshing native plugins compatible for Editor in 0.51 ms, found 1 plugins.
Preloading 0 native plugins for Editor in 0.00 ms.
Mono: successfully reloaded assembly
- Completed reload, in  0.570 seconds
Platform modules already initialized, skipping
Refreshing native plugins compatible for Editor in 0.52 ms, found 1 plugins.
Preloading 0 native plugins for Editor in 0.00 ms.
Unloading 2664 Unused Serialized files (Serialized files now loaded: 0)
System memory in use before: 98.5 MB.
System memory in use after: 98.7 MB.

Unloading 9 unused Assets to reduce memory usage. Loaded Objects now: 3176.
Total: 1.883200 ms (FindLiveObjects: 0.229700 ms CreateObjectMapping: 0.101100 ms MarkObjects: 1.513500 ms  DeleteObjects: 0.038100 ms)

========================================================================
Received Prepare
Registering precompiled user dll's ...
Registered in 0.001860 seconds.
Begin MonoManager ReloadAssembly
Symbol file LoadedFromMemory doesn't match image C:\Users\mahmo\source\repos\Programming-Theory-Repo\ProgTheoryProj\Library\PackageCache\com.unity.visualscripting@1.6.1\Editor\VisualScripting.Core\Dependencies\YamlDotNet\Unity.VisualScripting.YamlDotNet.dll
Symbol file LoadedFromMemory doesn't match image C:\Users\mahmo\source\repos\Programming-Theory-Repo\ProgTheoryProj\Library\PackageCache\com.unity.visualscripting@1.6.1\Editor\VisualScripting.Core\Dependencies\DotNetZip\Unity.VisualScripting.IonicZip.dll
Native extension for WindowsStandalone target not found
Native extension for WebGL target not found
Refreshing native plugins compatible for Editor in 0.56 ms, found 1 plugins.
Preloading 0 native plugins for Editor in 0.00 ms.
Mono: successfully reloaded assembly
- Completed reload, in  0.593 seconds
Platform modules already initialized, skipping
Refreshing native plugins compatible for Editor in 0.57 ms, found 1 plugins.
Preloading 0 native plugins for Editor in 0.00 ms.
Unloading 2664 Unused Serialized files (Serialized files now loaded: 0)
System memory in use before: 98.5 MB.
System memory in use after: 98.7 MB.

Unloading 9 unused Assets to reduce memory usage. Loaded Objects now: 3179.
Total: 1.980400 ms (FindLiveObjects: 0.247400 ms CreateObjectMapping: 0.104000 ms MarkObjects: 1.592200 ms  DeleteObjects: 0.036200 ms)

========================================================================
Received Prepare
Registering precompiled user dll's ...
Registered in 0.001912 seconds.
Begin MonoManager ReloadAssembly
Symbol file LoadedFromMemory doesn't match image C:\Users\mahmo\source\repos\Programming-Theory-Repo\ProgTheoryProj\Library\PackageCache\com.unity.visualscripting@1.6.1\Editor\VisualScripting.Core\Dependencies\YamlDotNet\Unity.VisualScripting.YamlDotNet.dll
Symbol file LoadedFromMemory doesn't match image C:\Users\mahmo\source\repos\Programming-Theory-Repo\ProgTheoryProj\Library\PackageCache\com.unity.visualscripting@1.6.1\Editor\VisualScripting.Core\Dependencies\DotNetZip\Unity.VisualScripting.IonicZip.dll
Native extension for WindowsStandalone target not found
Native extension for WebGL target not found
Refreshing native plugins compatible for Editor in 0.83 ms, found 1 plugins.
Preloading 0 native plugins for Editor in 0.00 ms.
Mono: successfully reloaded assembly
- Completed reload, in  0.638 seconds
Platform modules already initialized, skipping
Refreshing native plugins compatible for Editor in 0.51 ms, found 1 plugins.
Preloading 0 native plugins for Editor in 0.00 ms.
Unloading 2665 Unused Serialized files (Serialized files now loaded: 0)
System memory in use before: 98.5 MB.
System memory in use after: 98.7 MB.

Unloading 9 unused Assets to reduce memory usage. Loaded Objects now: 3183.
Total: 1.879100 ms (FindLiveObjects: 0.203200 ms CreateObjectMapping: 0.086300 ms MarkObjects: 1.554400 ms  DeleteObjects: 0.034500 ms)

========================================================================
Received Import Request.
  Time since last request: 157.364061 seconds.
  path: Assets/Scripts/Cylinder.cs
  artifactKey: Guid(17b8b05fdba62b54bb0ab0fe14570607) Importer(815301076,1909f56bfc062723c751e8b465ee728b)
Start importing Assets/Scripts/Cylinder.cs using Guid(17b8b05fdba62b54bb0ab0fe14570607) Importer(815301076,1909f56bfc062723c751e8b465ee728b)  -> (artifact id: 'd4cf8aa9a6b7d6b38e98b185a39e038a') in 0.008345 seconds 
========================================================================
Received Prepare
Registering precompiled user dll's ...
Registered in 0.002224 seconds.
Begin MonoManager ReloadAssembly
Symbol file LoadedFromMemory doesn't match image C:\Users\mahmo\source\repos\Programming-Theory-Repo\ProgTheoryProj\Library\PackageCache\com.unity.visualscripting@1.6.1\Editor\VisualScripting.Core\Dependencies\YamlDotNet\Unity.VisualScripting.YamlDotNet.dll
Symbol file LoadedFromMemory doesn't match image C:\Users\mahmo\source\repos\Programming-Theory-Repo\ProgTheoryProj\Library\PackageCache\com.unity.visualscripting@1.6.1\Editor\VisualScripting.Core\Dependencies\DotNetZip\Unity.VisualScripting.IonicZip.dll
Native extension for WindowsStandalone target not found
Native extension for WebGL target not found
Refreshing native plugins compatible for Editor in 0.51 ms, found 1 plugins.
Preloading 0 native plugins for Editor in 0.00 ms.
Mono: successfully reloaded assembly
- Completed reload, in  0.563 seconds
Platform modules already initialized, skipping
Refreshing native plugins compatible for Editor in 0.52 ms, found 1 plugins.
Preloading 0 native plugins for Editor in 0.00 ms.
Unloading 2665 Unused Serialized files (Serialized files now loaded: 0)
System memory in use before: 98.5 MB.
System memory in use after: 98.7 MB.

Unloading 9 unused Assets to reduce memory usage. Loaded Objects now: 3186.
Total: 1.771800 ms (FindLiveObjects: 0.218700 ms CreateObjectMapping: 0.067200 ms MarkObjects: 1.450800 ms  DeleteObjects: 0.034500 ms)

========================================================================
Received Prepare
Registering precompiled user dll's ...
Registered in 0.001911 seconds.
Begin MonoManager ReloadAssembly
Symbol file LoadedFromMemory doesn't match image C:\Users\mahmo\source\repos\Programming-Theory-Repo\ProgTheoryProj\Library\PackageCache\com.unity.visualscripting@1.6.1\Editor\VisualScripting.Core\Dependencies\YamlDotNet\Unity.VisualScripting.YamlDotNet.dll
Symbol file LoadedFromMemory doesn't match image C:\Users\mahmo\source\repos\Programming-Theory-Repo\ProgTheoryProj\Library\PackageCache\com.unity.visualscripting@1.6.1\Editor\VisualScripting.Core\Dependencies\DotNetZip\Unity.VisualScripting.IonicZip.dll
Native extension for WindowsStandalone target not found
Native extension for WebGL target not found
Refreshing native plugins compatible for Editor in 0.53 ms, found 1 plugins.
Preloading 0 native plugins for Editor in 0.00 ms.
Mono: successfully reloaded assembly
- Completed reload, in  0.571 seconds
Platform modules already initialized, skipping
Refreshing native plugins compatible for Editor in 0.53 ms, found 1 plugins.
Preloading 0 native plugins for Editor in 0.00 ms.
Unloading 2665 Unused Serialized files (Serialized files now loaded: 0)
System memory in use before: 98.5 MB.
System memory in use after: 98.7 MB.

Unloading 9 unused Assets to reduce memory usage. Loaded Objects now: 3189.
Total: 2.131000 ms (FindLiveObjects: 0.241000 ms CreateObjectMapping: 0.117100 ms MarkObjects: 1.736100 ms  DeleteObjects: 0.036100 ms)

========================================================================
Received Import Request.
  Time since last request: 23.500029 seconds.
  path: Assets/Scripts/Cylinder.cs
  artifactKey: Guid(17b8b05fdba62b54bb0ab0fe14570607) Importer(815301076,1909f56bfc062723c751e8b465ee728b)
Start importing Assets/Scripts/Cylinder.cs using Guid(17b8b05fdba62b54bb0ab0fe14570607) Importer(815301076,1909f56bfc062723c751e8b465ee728b)  -> (artifact id: '32766d4e0c18459e390db6ce4e8aa9c6') in 0.005249 seconds 
========================================================================
Received Prepare
Registering precompiled user dll's ...
Registered in 0.001646 seconds.
Begin MonoManager ReloadAssembly
Symbol file LoadedFromMemory doesn't match image C:\Users\mahmo\source\repos\Programming-Theory-Repo\ProgTheoryProj\Library\PackageCache\com.unity.visualscripting@1.6.1\Editor\VisualScripting.Core\Dependencies\YamlDotNet\Unity.VisualScripting.YamlDotNet.dll
Symbol file LoadedFromMemory doesn't match image C:\Users\mahmo\source\repos\Programming-Theory-Repo\ProgTheoryProj\Library\PackageCache\com.unity.visualscripting@1.6.1\Editor\VisualScripting.Core\Dependencies\DotNetZip\Unity.VisualScripting.IonicZip.dll
Native extension for WindowsStandalone target not found
Native extension for WebGL target not found
Refreshing native plugins compatible for Editor in 0.51 ms, found 1 plugins.
Preloading 0 native plugins for Editor in 0.00 ms.
Mono: successfully reloaded assembly
- Completed reload, in  0.544 seconds
Platform modules already initialized, skipping
Refreshing native plugins compatible for Editor in 0.44 ms, found 1 plugins.
Preloading 0 native plugins for Editor in 0.00 ms.
Unloading 2665 Unused Serialized files (Serialized files now loaded: 0)
System memory in use before: 98.5 MB.
System memory in use after: 98.7 MB.

Unloading 9 unused Assets to reduce memory usage. Loaded Objects now: 3192.
Total: 2.042100 ms (FindLiveObjects: 0.241000 ms CreateObjectMapping: 0.103000 ms MarkObjects: 1.662700 ms  DeleteObjects: 0.035000 ms)

========================================================================
Received Import Request.
  Time since last request: 105.033631 seconds.
  path: Assets/Scripts/Cube.cs
  artifactKey: Guid(500848f43a5af2642baba8acbe1198cb) Importer(815301076,1909f56bfc062723c751e8b465ee728b)
Start importing Assets/Scripts/Cube.cs using Guid(500848f43a5af2642baba8acbe1198cb) Importer(815301076,1909f56bfc062723c751e8b465ee728b)  -> (artifact id: '52e06dbc2a5392e7a3bf90c93e8d56bb') in 0.005206 seconds 
========================================================================
Received Import Request.
  Time since last request: 115.680189 seconds.
  path: Assets/Scripts/Cube.cs
  artifactKey: Guid(500848f43a5af2642baba8acbe1198cb) Importer(815301076,1909f56bfc062723c751e8b465ee728b)
Start importing Assets/Scripts/Cube.cs using Guid(500848f43a5af2642baba8acbe1198cb) Importer(815301076,1909f56bfc062723c751e8b465ee728b)  -> (artifact id: 'add96a6c0b74881cbabeb39d333cd1b2') in 0.001965 seconds 
========================================================================
Received Prepare
Registering precompiled user dll's ...
Registered in 0.001761 seconds.
Begin MonoManager ReloadAssembly
Symbol file LoadedFromMemory doesn't match image C:\Users\mahmo\source\repos\Programming-Theory-Repo\ProgTheoryProj\Library\PackageCache\com.unity.visualscripting@1.6.1\Editor\VisualScripting.Core\Dependencies\YamlDotNet\Unity.VisualScripting.YamlDotNet.dll
Symbol file LoadedFromMemory doesn't match image C:\Users\mahmo\source\repos\Programming-Theory-Repo\ProgTheoryProj\Library\PackageCache\com.unity.visualscripting@1.6.1\Editor\VisualScripting.Core\Dependencies\DotNetZip\Unity.VisualScripting.IonicZip.dll
Native extension for WindowsStandalone target not found
Native extension for WebGL target not found
Refreshing native plugins compatible for Editor in 0.52 ms, found 1 plugins.
Preloading 0 native plugins for Editor in 0.00 ms.
Mono: successfully reloaded assembly
- Completed reload, in  0.571 seconds
Platform modules already initialized, skipping
Refreshing native plugins compatible for Editor in 0.55 ms, found 1 plugins.
Preloading 0 native plugins for Editor in 0.00 ms.
Unloading 2665 Unused Serialized files (Serialized files now loaded: 0)
System memory in use before: 98.5 MB.
System memory in use after: 98.7 MB.

Unloading 9 unused Assets to reduce memory usage. Loaded Objects now: 3195.
Total: 1.917800 ms (FindLiveObjects: 0.239800 ms CreateObjectMapping: 0.111300 ms MarkObjects: 1.527400 ms  DeleteObjects: 0.038300 ms)

========================================================================
Received Import Request.
  Time since last request: 1904.336710 seconds.
  path: Assets/Scripts/Shape.cs
  artifactKey: Guid(001982e63c4ed8346a6ba20db2beb0c4) Importer(815301076,1909f56bfc062723c751e8b465ee728b)
Start importing Assets/Scripts/Shape.cs using Guid(001982e63c4ed8346a6ba20db2beb0c4) Importer(815301076,1909f56bfc062723c751e8b465ee728b)  -> (artifact id: '1ab4062c5bbda6848e5dc64a5c79117b') in 0.004618 seconds 
========================================================================
Received Prepare
Registering precompiled user dll's ...
Registered in 0.001990 seconds.
Begin MonoManager ReloadAssembly
Symbol file LoadedFromMemory doesn't match image C:\Users\mahmo\source\repos\Programming-Theory-Repo\ProgTheoryProj\Library\PackageCache\com.unity.visualscripting@1.6.1\Editor\VisualScripting.Core\Dependencies\YamlDotNet\Unity.VisualScripting.YamlDotNet.dll
Symbol file LoadedFromMemory doesn't match image C:\Users\mahmo\source\repos\Programming-Theory-Repo\ProgTheoryProj\Library\PackageCache\com.unity.visualscripting@1.6.1\Editor\VisualScripting.Core\Dependencies\DotNetZip\Unity.VisualScripting.IonicZip.dll
Native extension for WindowsStandalone target not found
Native extension for WebGL target not found
Refreshing native plugins compatible for Editor in 0.52 ms, found 1 plugins.
Preloading 0 native plugins for Editor in 0.00 ms.
Mono: successfully reloaded assembly
- Completed reload, in  0.594 seconds
Platform modules already initialized, skipping
Refreshing native plugins compatible for Editor in 0.72 ms, found 1 plugins.
Preloading 0 native plugins for Editor in 0.00 ms.
Unloading 2665 Unused Serialized files (Serialized files now loaded: 0)
System memory in use before: 98.6 MB.
System memory in use after: 98.8 MB.

Unloading 9 unused Assets to reduce memory usage. Loaded Objects now: 3198.
Total: 1.986400 ms (FindLiveObjects: 0.260800 ms CreateObjectMapping: 0.103300 ms MarkObjects: 1.584400 ms  DeleteObjects: 0.037300 ms)

========================================================================
Received Prepare
Registering precompiled user dll's ...
Registered in 0.001815 seconds.
Begin MonoManager ReloadAssembly
Symbol file LoadedFromMemory doesn't match image C:\Users\mahmo\source\repos\Programming-Theory-Repo\ProgTheoryProj\Library\PackageCache\com.unity.visualscripting@1.6.1\Editor\VisualScripting.Core\Dependencies\YamlDotNet\Unity.VisualScripting.YamlDotNet.dll
Symbol file LoadedFromMemory doesn't match image C:\Users\mahmo\source\repos\Programming-Theory-Repo\ProgTheoryProj\Library\PackageCache\com.unity.visualscripting@1.6.1\Editor\VisualScripting.Core\Dependencies\DotNetZip\Unity.VisualScripting.IonicZip.dll
Native extension for WindowsStandalone target not found
Native extension for WebGL target not found
Refreshing native plugins compatible for Editor in 0.53 ms, found 1 plugins.
Preloading 0 native plugins for Editor in 0.00 ms.
Mono: successfully reloaded assembly
- Completed reload, in  0.587 seconds
Platform modules already initialized, skipping
Refreshing native plugins compatible for Editor in 0.56 ms, found 1 plugins.
Preloading 0 native plugins for Editor in 0.00 ms.
Unloading 2678 Unused Serialized files (Serialized files now loaded: 0)
System memory in use before: 100.6 MB.
System memory in use after: 100.1 MB.

Unloading 22 unused Assets to reduce memory usage. Loaded Objects now: 3201.
Total: 2.195200 ms (FindLiveObjects: 0.245600 ms CreateObjectMapping: 0.099500 ms MarkObjects: 1.602300 ms  DeleteObjects: 0.247000 ms)

========================================================================
Received Prepare
Registering precompiled user dll's ...
Registered in 0.001709 seconds.
Begin MonoManager ReloadAssembly
Symbol file LoadedFromMemory doesn't match image C:\Users\mahmo\source\repos\Programming-Theory-Repo\ProgTheoryProj\Library\PackageCache\com.unity.visualscripting@1.6.1\Editor\VisualScripting.Core\Dependencies\YamlDotNet\Unity.VisualScripting.YamlDotNet.dll
Symbol file LoadedFromMemory doesn't match image C:\Users\mahmo\source\repos\Programming-Theory-Repo\ProgTheoryProj\Library\PackageCache\com.unity.visualscripting@1.6.1\Editor\VisualScripting.Core\Dependencies\DotNetZip\Unity.VisualScripting.IonicZip.dll
Native extension for WindowsStandalone target not found
Native extension for WebGL target not found
Refreshing native plugins compatible for Editor in 0.52 ms, found 1 plugins.
Preloading 0 native plugins for Editor in 0.00 ms.
Mono: successfully reloaded assembly
- Completed reload, in  0.568 seconds
Platform modules already initialized, skipping
Refreshing native plugins compatible for Editor in 0.52 ms, found 1 plugins.
Preloading 0 native plugins for Editor in 0.00 ms.
Unloading 2678 Unused Serialized files (Serialized files now loaded: 0)
System memory in use before: 100.6 MB.
System memory in use after: 100.1 MB.

Unloading 22 unused Assets to reduce memory usage. Loaded Objects now: 3204.
Total: 2.050500 ms (FindLiveObjects: 0.233000 ms CreateObjectMapping: 0.097200 ms MarkObjects: 1.489700 ms  DeleteObjects: 0.230000 ms)

========================================================================
Received Prepare
Registering precompiled user dll's ...
Registered in 0.001657 seconds.
Begin MonoManager ReloadAssembly
Symbol file LoadedFromMemory doesn't match image C:\Users\mahmo\source\repos\Programming-Theory-Repo\ProgTheoryProj\Library\PackageCache\com.unity.visualscripting@1.6.1\Editor\VisualScripting.Core\Dependencies\YamlDotNet\Unity.VisualScripting.YamlDotNet.dll
Symbol file LoadedFromMemory doesn't match image C:\Users\mahmo\source\repos\Programming-Theory-Repo\ProgTheoryProj\Library\PackageCache\com.unity.visualscripting@1.6.1\Editor\VisualScripting.Core\Dependencies\DotNetZip\Unity.VisualScripting.IonicZip.dll
Native extension for WindowsStandalone target not found
Native extension for WebGL target not found
Refreshing native plugins compatible for Editor in 0.53 ms, found 1 plugins.
Preloading 0 native plugins for Editor in 0.00 ms.
Mono: successfully reloaded assembly
- Completed reload, in  0.567 seconds
Platform modules already initialized, skipping
Refreshing native plugins compatible for Editor in 0.54 ms, found 1 plugins.
Preloading 0 native plugins for Editor in 0.00 ms.
Unloading 2678 Unused Serialized files (Serialized files now loaded: 0)
System memory in use before: 100.6 MB.
System memory in use after: 100.1 MB.

Unloading 22 unused Assets to reduce memory usage. Loaded Objects now: 3207.
Total: 2.228300 ms (FindLiveObjects: 0.255600 ms CreateObjectMapping: 0.130000 ms MarkObjects: 1.610300 ms  DeleteObjects: 0.231800 ms)

========================================================================
Received Prepare
Registering precompiled user dll's ...
Registered in 0.001733 seconds.
Begin MonoManager ReloadAssembly
Symbol file LoadedFromMemory doesn't match image C:\Users\mahmo\source\repos\Programming-Theory-Repo\ProgTheoryProj\Library\PackageCache\com.unity.visualscripting@1.6.1\Editor\VisualScripting.Core\Dependencies\YamlDotNet\Unity.VisualScripting.YamlDotNet.dll
Symbol file LoadedFromMemory doesn't match image C:\Users\mahmo\source\repos\Programming-Theory-Repo\ProgTheoryProj\Library\PackageCache\com.unity.visualscripting@1.6.1\Editor\VisualScripting.Core\Dependencies\DotNetZip\Unity.VisualScripting.IonicZip.dll
Native extension for WindowsStandalone target not found
Native extension for WebGL target not found
Refreshing native plugins compatible for Editor in 0.53 ms, found 1 plugins.
Preloading 0 native plugins for Editor in 0.00 ms.
Mono: successfully reloaded assembly
- Completed reload, in  0.558 seconds
Platform modules already initialized, skipping
Refreshing native plugins compatible for Editor in 0.48 ms, found 1 plugins.
Preloading 0 native plugins for Editor in 0.00 ms.
Unloading 2678 Unused Serialized files (Serialized files now loaded: 0)
System memory in use before: 100.6 MB.
System memory in use after: 100.1 MB.

Unloading 22 unused Assets to reduce memory usage. Loaded Objects now: 3210.
Total: 2.057500 ms (FindLiveObjects: 0.237000 ms CreateObjectMapping: 0.101500 ms MarkObjects: 1.524300 ms  DeleteObjects: 0.193900 ms)

========================================================================
Received Prepare
Registering precompiled user dll's ...
Registered in 0.001805 seconds.
Begin MonoManager ReloadAssembly
Symbol file LoadedFromMemory doesn't match image C:\Users\mahmo\source\repos\Programming-Theory-Repo\ProgTheoryProj\Library\PackageCache\com.unity.visualscripting@1.6.1\Editor\VisualScripting.Core\Dependencies\YamlDotNet\Unity.VisualScripting.YamlDotNet.dll
Symbol file LoadedFromMemory doesn't match image C:\Users\mahmo\source\repos\Programming-Theory-Repo\ProgTheoryProj\Library\PackageCache\com.unity.visualscripting@1.6.1\Editor\VisualScripting.Core\Dependencies\DotNetZip\Unity.VisualScripting.IonicZip.dll
Native extension for WindowsStandalone target not found
Native extension for WebGL target not found
Refreshing native plugins compatible for Editor in 0.53 ms, found 1 plugins.
Preloading 0 native plugins for Editor in 0.00 ms.
Mono: successfully reloaded assembly
- Completed reload, in  0.587 seconds
Platform modules already initialized, skipping
Refreshing native plugins compatible for Editor in 0.42 ms, found 1 plugins.
Preloading 0 native plugins for Editor in 0.00 ms.
Unloading 2678 Unused Serialized files (Serialized files now loaded: 0)
System memory in use before: 100.6 MB.
System memory in use after: 100.1 MB.

Unloading 22 unused Assets to reduce memory usage. Loaded Objects now: 3213.
Total: 2.007200 ms (FindLiveObjects: 0.220200 ms CreateObjectMapping: 0.089700 ms MarkObjects: 1.536700 ms  DeleteObjects: 0.160000 ms)

========================================================================
Received Prepare
Registering precompiled user dll's ...
Registered in 0.001697 seconds.
Begin MonoManager ReloadAssembly
Symbol file LoadedFromMemory doesn't match image C:\Users\mahmo\source\repos\Programming-Theory-Repo\ProgTheoryProj\Library\PackageCache\com.unity.visualscripting@1.6.1\Editor\VisualScripting.Core\Dependencies\YamlDotNet\Unity.VisualScripting.YamlDotNet.dll
Symbol file LoadedFromMemory doesn't match image C:\Users\mahmo\source\repos\Programming-Theory-Repo\ProgTheoryProj\Library\PackageCache\com.unity.visualscripting@1.6.1\Editor\VisualScripting.Core\Dependencies\DotNetZip\Unity.VisualScripting.IonicZip.dll
Native extension for WindowsStandalone target not found
Native extension for WebGL target not found
Refreshing native plugins compatible for Editor in 0.54 ms, found 1 plugins.
Preloading 0 native plugins for Editor in 0.00 ms.
Mono: successfully reloaded assembly
- Completed reload, in  0.585 seconds
Platform modules already initialized, skipping
Refreshing native plugins compatible for Editor in 0.56 ms, found 1 plugins.
Preloading 0 native plugins for Editor in 0.00 ms.
Unloading 2678 Unused Serialized files (Serialized files now loaded: 0)
System memory in use before: 100.6 MB.
System memory in use after: 100.1 MB.

Unloading 22 unused Assets to reduce memory usage. Loaded Objects now: 3216.
Total: 2.361600 ms (FindLiveObjects: 0.327800 ms CreateObjectMapping: 0.126000 ms MarkObjects: 1.672800 ms  DeleteObjects: 0.234300 ms)

========================================================================
Received Prepare
Registering precompiled user dll's ...
Registered in 0.001756 seconds.
Begin MonoManager ReloadAssembly
Symbol file LoadedFromMemory doesn't match image C:\Users\mahmo\source\repos\Programming-Theory-Repo\ProgTheoryProj\Library\PackageCache\com.unity.visualscripting@1.6.1\Editor\VisualScripting.Core\Dependencies\YamlDotNet\Unity.VisualScripting.YamlDotNet.dll
Symbol file LoadedFromMemory doesn't match image C:\Users\mahmo\source\repos\Programming-Theory-Repo\ProgTheoryProj\Library\PackageCache\com.unity.visualscripting@1.6.1\Editor\VisualScripting.Core\Dependencies\DotNetZip\Unity.VisualScripting.IonicZip.dll
Native extension for WindowsStandalone target not found
Native extension for WebGL target not found
Refreshing native plugins compatible for Editor in 0.54 ms, found 1 plugins.
Preloading 0 native plugins for Editor in 0.00 ms.
Mono: successfully reloaded assembly
- Completed reload, in  0.580 seconds
Platform modules already initialized, skipping
Refreshing native plugins compatible for Editor in 0.57 ms, found 1 plugins.
Preloading 0 native plugins for Editor in 0.00 ms.
Unloading 2678 Unused Serialized files (Serialized files now loaded: 0)
System memory in use before: 100.6 MB.
System memory in use after: 100.2 MB.

Unloading 22 unused Assets to reduce memory usage. Loaded Objects now: 3219.
Total: 2.267400 ms (FindLiveObjects: 0.256200 ms CreateObjectMapping: 0.104900 ms MarkObjects: 1.662400 ms  DeleteObjects: 0.242800 ms)

========================================================================
Received Prepare
Registering precompiled user dll's ...
Registered in 0.001613 seconds.
Begin MonoManager ReloadAssembly
Symbol file LoadedFromMemory doesn't match image C:\Users\mahmo\source\repos\Programming-Theory-Repo\ProgTheoryProj\Library\PackageCache\com.unity.visualscripting@1.6.1\Editor\VisualScripting.Core\Dependencies\YamlDotNet\Unity.VisualScripting.YamlDotNet.dll
Symbol file LoadedFromMemory doesn't match image C:\Users\mahmo\source\repos\Programming-Theory-Repo\ProgTheoryProj\Library\PackageCache\com.unity.visualscripting@1.6.1\Editor\VisualScripting.Core\Dependencies\DotNetZip\Unity.VisualScripting.IonicZip.dll
Native extension for WindowsStandalone target not found
Native extension for WebGL target not found
Refreshing native plugins compatible for Editor in 0.52 ms, found 1 plugins.
Preloading 0 native plugins for Editor in 0.00 ms.
Mono: successfully reloaded assembly
- Completed reload, in  0.544 seconds
Platform modules already initialized, skipping
Refreshing native plugins compatible for Editor in 0.58 ms, found 1 plugins.
Preloading 0 native plugins for Editor in 0.00 ms.
Unloading 2678 Unused Serialized files (Serialized files now loaded: 0)
System memory in use before: 100.6 MB.
System memory in use after: 100.2 MB.

Unloading 22 unused Assets to reduce memory usage. Loaded Objects now: 3222.
Total: 2.032800 ms (FindLiveObjects: 0.230700 ms CreateObjectMapping: 0.087000 ms MarkObjects: 1.492400 ms  DeleteObjects: 0.221800 ms)

AssetImportWorkerClient::OnTransportError - code=2 error=End of file
